04-21 14:18:14.341 321448 321448 [I] watch_file: read length: 32
04-21 14:18:14.346 321448 321448 [I] watch_file: 
04-21 14:18:14.347 321448 321448 [I] watch_file: read length: 32
04-21 14:18:14.348 321448 321448 [I] watch_file: 
04-21 14:18:20.306 321448 321448 [I] watch_file: read length: 16
04-21 14:18:20.310 321448 321448 [I] watch_file: 
04-21 14:18:20.311 321448 321448 [I] watch_file: read length: 80
04-21 14:18:20.313 321448 321448 [I] watch_file: 
04-21 14:18:21.156 321448 321448 [I] watch_file: read length: 32
04-21 14:18:21.161 321448 321448 [I] watch_file: 
04-21 14:18:21.162 321448 321448 [I] watch_file: read length: 160
04-21 14:18:21.163 321448 321448 [I] watch_file: 
04-21 14:18:21.164 321448 321448 [I] watch_file: read length: 32
04-21 14:18:21.165 321448 321448 [I] watch_file: 
04-21 14:18:21.166 321448 321448 [I] watch_file: read length: 608
04-21 14:18:21.167 321448 321448 [I] watch_file: 
04-21 14:18:21.169 321448 321448 [I] watch_file: read length: 384
04-21 14:18:21.170 321448 321448 [I] watch_file: 
04-21 14:18:21.171 321448 321448 [I] watch_file: read length: 224
04-21 14:18:21.172 321448 321448 [I] watch_file: wd: 1, mask: 0x20(IN_OPEN), cookie: 0, len: 16, name: something.txt
04-21 14:18:21.173 321448 321448 [I] watch_file: wd: 1, mask: 0x10(IN_CLOSE_NOWRITE), cookie: 0, len: 16, name: something.txt
04-21 14:18:21.174 321448 321448 [I] watch_file: wd: 1, mask: 0x20(IN_OPEN), cookie: 0, len: 16, name: something.txt
04-21 14:18:21.176 321448 321448 [I] watch_file: wd: 1, mask: 0x1(IN_ACCESS), cookie: 0, len: 16, name: something.txt
04-21 14:18:21.177 321448 321448 [I] watch_file: wd: 1, mask: 0x10(IN_CLOSE_NOWRITE), cookie: 0, len: 16, name: something.txt
04-21 14:18:21.179 321448 321448 [I] watch_file: 
04-21 14:18:32.384 321448 321448 [I] watch_file: read length: 96
04-21 14:18:32.388 321448 321448 [I] watch_file: wd: 1, mask: 0x100(IN_CREATE), cookie: 0, len: 16, name: 4913
04-21 14:18:32.390 321448 321448 [I] watch_file: wd: 1, mask: 0x20(IN_OPEN), cookie: 0, len: 16, name: 4913
04-21 14:18:32.391 321448 321448 [I] watch_file: wd: 1, mask: 0x4(IN_ATTRIB), cookie: 0, len: 16, name: 4913
04-21 14:18:32.392 321448 321448 [I] watch_file: 
04-21 14:18:32.394 321448 321448 [I] watch_file: read length: 352
04-21 14:18:32.396 321448 321448 [I] watch_file: wd: 1, mask: 0x8(IN_CLOSE_WRITE), cookie: 0, len: 16, name: 4913
04-21 14:18:32.398 321448 321448 [I] watch_file: wd: 1, mask: 0x200(IN_DELETE), cookie: 0, len: 16, name: 4913
04-21 14:18:32.399 321448 321448 [I] watch_file: wd: 1, mask: 0x40(IN_MOVED_FROM), cookie: 0xb70d, len: 16, name: something.txt
04-21 14:18:32.402 321448 321448 [I] watch_file: wd: 1, mask: 0x80(IN_MOVED_TO), cookie: 0xb70d, len: 16, name: something.txt~
04-21 14:18:32.403 321448 321448 [I] watch_file: wd: 1, mask: 0x100(IN_CREATE), cookie: 0, len: 16, name: something.txt
04-21 14:18:32.405 321448 321448 [I] watch_file: wd: 1, mask: 0x20(IN_OPEN), cookie: 0, len: 16, name: something.txt
04-21 14:18:32.407 321448 321448 [I] watch_file: wd: 1, mask: 0x2(IN_MODIFY), cookie: 0, len: 16, name: something.txt
04-21 14:18:32.409 321448 321448 [I] watch_file: wd: 1, mask: 0x4(IN_ATTRIB), cookie: 0, len: 16, name: something.txt
04-21 14:18:32.411 321448 321448 [I] watch_file: wd: 1, mask: 0x8(IN_CLOSE_WRITE), cookie: 0, len: 16, name: something.txt
04-21 14:18:32.413 321448 321448 [I] watch_file: wd: 1, mask: 0x4(IN_ATTRIB), cookie: 0, len: 16, name: something.txt
04-21 14:18:32.415 321448 321448 [I] watch_file: wd: 1, mask: 0x200(IN_DELETE), cookie: 0, len: 16, name: something.txt~
04-21 14:18:32.417 321448 321448 [I] watch_file: 
04-21 14:19:20.481 321448 321448 [I] watch_file: read length: 128
04-21 14:19:20.485 321448 321448 [I] watch_file: wd: 1, mask: 0x100(IN_CREATE), cookie: 0, len: 16, name: 4913
04-21 14:19:20.486 321448 321448 [I] watch_file: wd: 1, mask: 0x20(IN_OPEN), cookie: 0, len: 16, name: 4913
04-21 14:19:20.487 321448 321448 [I] watch_file: wd: 1, mask: 0x4(IN_ATTRIB), cookie: 0, len: 16, name: 4913
04-21 14:19:20.488 321448 321448 [I] watch_file: wd: 1, mask: 0x8(IN_CLOSE_WRITE), cookie: 0, len: 16, name: 4913
04-21 14:19:20.490 321448 321448 [I] watch_file: 
04-21 14:19:20.492 321448 321448 [I] watch_file: read length: 320
04-21 14:19:20.493 321448 321448 [I] watch_file: wd: 1, mask: 0x200(IN_DELETE), cookie: 0, len: 16, name: 4913
04-21 14:19:20.495 321448 321448 [I] watch_file: wd: 1, mask: 0x40(IN_MOVED_FROM), cookie: 0xb70e, len: 16, name: something.txt
04-21 14:19:20.497 321448 321448 [I] watch_file: wd: 1, mask: 0x80(IN_MOVED_TO), cookie: 0xb70e, len: 16, name: something.txt~
04-21 14:19:20.499 321448 321448 [I] watch_file: wd: 1, mask: 0x100(IN_CREATE), cookie: 0, len: 16, name: something.txt
04-21 14:19:20.500 321448 321448 [I] watch_file: wd: 1, mask: 0x20(IN_OPEN), cookie: 0, len: 16, name: something.txt
04-21 14:19:20.502 321448 321448 [I] watch_file: wd: 1, mask: 0x2(IN_MODIFY), cookie: 0, len: 16, name: something.txt
04-21 14:19:20.504 321448 321448 [I] watch_file: wd: 1, mask: 0x4(IN_ATTRIB), cookie: 0, len: 16, name: something.txt
04-21 14:19:20.505 321448 321448 [I] watch_file: wd: 1, mask: 0x8(IN_CLOSE_WRITE), cookie: 0, len: 16, name: something.txt
04-21 14:19:20.507 321448 321448 [I] watch_file: wd: 1, mask: 0x4(IN_ATTRIB), cookie: 0, len: 16, name: something.txt
04-21 14:19:20.509 321448 321448 [I] watch_file: wd: 1, mask: 0x200(IN_DELETE), cookie: 0, len: 16, name: something.txt~
04-21 14:19:20.511 321448 321448 [I] watch_file: 
04-21 14:20:12.939 321448 321448 [I] watch_file: read length: 16
04-21 14:20:12.944 321448 321448 [I] watch_file: 
04-21 14:20:12.945 321448 321448 [I] watch_file: read length: 512
04-21 14:20:12.946 321448 321448 [I] watch_file: wd: 1, mask: 0x40000020(IN_OPEN | IN_ISDIR), cookie: 0, len: 16, name: cmake
04-21 14:20:12.947 321448 321448 [I] watch_file: wd: 1, mask: 0x40000001(IN_ACCESS | IN_ISDIR), cookie: 0, len: 16, name: cmake
04-21 14:20:12.948 321448 321448 [I] watch_file: wd: 1, mask: 0x40000010(IN_CLOSE_NOWRITE | IN_ISDIR), cookie: 0, len: 16, name: cmake
04-21 14:20:12.949 321448 321448 [I] watch_file: wd: 1, mask: 0x40000020(IN_OPEN | IN_ISDIR), cookie: 0, len: 16, name: cmake
04-21 14:20:12.950 321448 321448 [I] watch_file: wd: 1, mask: 0x40000001(IN_ACCESS | IN_ISDIR), cookie: 0, len: 16, name: cmake
04-21 14:20:12.952 321448 321448 [I] watch_file: wd: 1, mask: 0x40000010(IN_CLOSE_NOWRITE | IN_ISDIR), cookie: 0, len: 16, name: cmake
04-21 14:20:12.954 321448 321448 [I] watch_file: wd: 1, mask: 0x40000200(IN_DELETE | IN_ISDIR), cookie: 0, len: 16, name: cmake
04-21 14:20:12.956 321448 321448 [I] watch_file: wd: 1, mask: 0x40000020(IN_OPEN | IN_ISDIR), cookie: 0, len: 16, name: EE
04-21 14:20:12.958 321448 321448 [I] watch_file: wd: 1, mask: 0x40000001(IN_ACCESS | IN_ISDIR), cookie: 0, len: 16, name: EE
04-21 14:20:12.959 321448 321448 [I] watch_file: wd: 1, mask: 0x40000010(IN_CLOSE_NOWRITE | IN_ISDIR), cookie: 0, len: 16, name: EE
04-21 14:20:12.961 321448 321448 [I] watch_file: wd: 1, mask: 0x40000020(IN_OPEN | IN_ISDIR), cookie: 0, len: 16, name: EE
04-21 14:20:12.963 321448 321448 [I] watch_file: wd: 1, mask: 0x40000001(IN_ACCESS | IN_ISDIR), cookie: 0, len: 16, name: EE
04-21 14:20:12.965 321448 321448 [I] watch_file: wd: 1, mask: 0x40000010(IN_CLOSE_NOWRITE | IN_ISDIR), cookie: 0, len: 16, name: EE
04-21 14:20:12.967 321448 321448 [I] watch_file: wd: 1, mask: 0x40000200(IN_DELETE | IN_ISDIR), cookie: 0, len: 16, name: EE
04-21 14:20:12.969 321448 321448 [I] watch_file: wd: 1, mask: 0x200(IN_DELETE), cookie: 0, len: 16, name: something.txt
04-21 14:20:12.971 321448 321448 [I] watch_file: 
