04-21 14:16:59.098 318441 318441 [I] watch_file: read length: 128
04-21 14:16:59.102 318441 318441 [I] watch_file: wd: 1, mask: 0x40000020(IN_OPEN | IN_ISDIR), cookie: 0, len: 16, name: EE
04-21 14:16:59.103 318441 318441 [I] watch_file: wd: 1, mask: 0x40000001(IN_ACCESS | IN_ISDIR), cookie: 0, len: 16, name: EE
04-21 14:16:59.105 318441 318441 [I] watch_file: wd: 1, mask: 0x40000010(IN_CLOSE_NOWRITE | IN_ISDIR), cookie: 0, len: 16, name: EE
04-21 14:16:59.106 318441 318441 [I] watch_file: 
04-21 14:16:59.107 318441 318441 [I] watch_file: read length: 128
04-21 14:16:59.108 318441 318441 [I] watch_file: wd: 1, mask: 0x40000020(IN_OPEN | IN_ISDIR), cookie: 0, len: 16, name: cmake
04-21 14:16:59.109 318441 318441 [I] watch_file: wd: 1, mask: 0x40000001(IN_ACCESS | IN_ISDIR), cookie: 0, len: 16, name: cmake
04-21 14:16:59.110 318441 318441 [I] watch_file: wd: 1, mask: 0x40000010(IN_CLOSE_NOWRITE | IN_ISDIR), cookie: 0, len: 16, name: cmake
04-21 14:16:59.111 318441 318441 [I] watch_file: 
04-21 14:17:00.416 318441 318441 [I] watch_file: read length: 128
04-21 14:17:00.421 318441 318441 [I] watch_file: wd: 1, mask: 0x40000020(IN_OPEN | IN_ISDIR), cookie: 0, len: 16, name: EE
04-21 14:17:00.422 318441 318441 [I] watch_file: wd: 1, mask: 0x40000001(IN_ACCESS | IN_ISDIR), cookie: 0, len: 16, name: EE
04-21 14:17:00.423 318441 318441 [I] watch_file: wd: 1, mask: 0x40000010(IN_CLOSE_NOWRITE | IN_ISDIR), cookie: 0, len: 16, name: EE
04-21 14:17:00.424 318441 318441 [I] watch_file: 
04-21 14:17:00.425 318441 318441 [I] watch_file: read length: 128
04-21 14:17:00.426 318441 318441 [I] watch_file: wd: 1, mask: 0x40000020(IN_OPEN | IN_ISDIR), cookie: 0, len: 16, name: cmake
04-21 14:17:00.427 318441 318441 [I] watch_file: wd: 1, mask: 0x40000001(IN_ACCESS | IN_ISDIR), cookie: 0, len: 16, name: cmake
04-21 14:17:00.429 318441 318441 [I] watch_file: wd: 1, mask: 0x40000010(IN_CLOSE_NOWRITE | IN_ISDIR), cookie: 0, len: 16, name: cmake
04-21 14:17:00.430 318441 318441 [I] watch_file: 
04-21 14:18:14.341 318441 318441 [I] watch_file: read length: 32
04-21 14:18:14.346 318441 318441 [I] watch_file: 
04-21 14:18:14.347 318441 318441 [I] watch_file: read length: 32
04-21 14:18:14.348 318441 318441 [I] watch_file: 
04-21 14:18:20.306 318441 318441 [I] watch_file: read length: 48
04-21 14:18:20.310 318441 318441 [I] watch_file: 
04-21 14:18:20.311 318441 318441 [I] watch_file: read length: 48
04-21 14:18:20.313 318441 318441 [I] watch_file: 
04-21 14:18:21.157 318441 318441 [I] watch_file: read length: 64
04-21 14:18:21.161 318441 318441 [I] watch_file: 
04-21 14:18:21.162 318441 318441 [I] watch_file: read length: 128
04-21 14:18:21.163 318441 318441 [I] watch_file: 
04-21 14:18:21.164 318441 318441 [I] watch_file: read length: 64
04-21 14:18:21.165 318441 318441 [I] watch_file: 
04-21 14:18:21.166 318441 318441 [I] watch_file: read length: 576
04-21 14:18:21.167 318441 318441 [I] watch_file: 
04-21 14:18:21.169 318441 318441 [I] watch_file: read length: 384
04-21 14:18:21.170 318441 318441 [I] watch_file: 
04-21 14:18:21.171 318441 318441 [I] watch_file: read length: 224
04-21 14:18:21.172 318441 318441 [I] watch_file: wd: 1, mask: 0x20(IN_OPEN), cookie: 0, len: 16, name: something.txt
04-21 14:18:21.173 318441 318441 [I] watch_file: wd: 1, mask: 0x10(IN_CLOSE_NOWRITE), cookie: 0, len: 16, name: something.txt
04-21 14:18:21.175 318441 318441 [I] watch_file: wd: 1, mask: 0x20(IN_OPEN), cookie: 0, len: 16, name: something.txt
04-21 14:18:21.176 318441 318441 [I] watch_file: wd: 1, mask: 0x1(IN_ACCESS), cookie: 0, len: 16, name: something.txt
04-21 14:18:21.178 318441 318441 [I] watch_file: wd: 1, mask: 0x10(IN_CLOSE_NOWRITE), cookie: 0, len: 16, name: something.txt
04-21 14:18:21.180 318441 318441 [I] watch_file: 
04-21 14:18:32.384 318441 318441 [I] watch_file: read length: 128
04-21 14:18:32.388 318441 318441 [I] watch_file: wd: 1, mask: 0x100(IN_CREATE), cookie: 0, len: 16, name: 4913
04-21 14:18:32.390 318441 318441 [I] watch_file: wd: 1, mask: 0x20(IN_OPEN), cookie: 0, len: 16, name: 4913
04-21 14:18:32.391 318441 318441 [I] watch_file: wd: 1, mask: 0x4(IN_ATTRIB), cookie: 0, len: 16, name: 4913
04-21 14:18:32.393 318441 318441 [I] watch_file: wd: 1, mask: 0x8(IN_CLOSE_WRITE), cookie: 0, len: 16, name: 4913
04-21 14:18:32.395 318441 318441 [I] watch_file: 
04-21 14:18:32.397 318441 318441 [I] watch_file: read length: 320
04-21 14:18:32.399 318441 318441 [I] watch_file: wd: 1, mask: 0x200(IN_DELETE), cookie: 0, len: 16, name: 4913
04-21 14:18:32.400 318441 318441 [I] watch_file: wd: 1, mask: 0x40(IN_MOVED_FROM), cookie: 0xb70d, len: 16, name: something.txt
04-21 14:18:32.402 318441 318441 [I] watch_file: wd: 1, mask: 0x80(IN_MOVED_TO), cookie: 0xb70d, len: 16, name: something.txt~
04-21 14:18:32.404 318441 318441 [I] watch_file: wd: 1, mask: 0x100(IN_CREATE), cookie: 0, len: 16, name: something.txt
04-21 14:18:32.406 318441 318441 [I] watch_file: wd: 1, mask: 0x20(IN_OPEN), cookie: 0, len: 16, name: something.txt
04-21 14:18:32.408 318441 318441 [I] watch_file: wd: 1, mask: 0x2(IN_MODIFY), cookie: 0, len: 16, name: something.txt
04-21 14:18:32.410 318441 318441 [I] watch_file: wd: 1, mask: 0x4(IN_ATTRIB), cookie: 0, len: 16, name: something.txt
04-21 14:18:32.412 318441 318441 [I] watch_file: wd: 1, mask: 0x8(IN_CLOSE_WRITE), cookie: 0, len: 16, name: something.txt
04-21 14:18:32.414 318441 318441 [I] watch_file: wd: 1, mask: 0x4(IN_ATTRIB), cookie: 0, len: 16, name: something.txt
04-21 14:18:32.416 318441 318441 [I] watch_file: wd: 1, mask: 0x200(IN_DELETE), cookie: 0, len: 16, name: something.txt~
04-21 14:18:32.418 318441 318441 [I] watch_file: 
04-21 14:19:20.481 318441 318441 [I] watch_file: read length: 160
04-21 14:19:20.485 318441 318441 [I] watch_file: wd: 1, mask: 0x100(IN_CREATE), cookie: 0, len: 16, name: 4913
04-21 14:19:20.486 318441 318441 [I] watch_file: wd: 1, mask: 0x20(IN_OPEN), cookie: 0, len: 16, name: 4913
04-21 14:19:20.487 318441 318441 [I] watch_file: wd: 1, mask: 0x4(IN_ATTRIB), cookie: 0, len: 16, name: 4913
04-21 14:19:20.488 318441 318441 [I] watch_file: wd: 1, mask: 0x8(IN_CLOSE_WRITE), cookie: 0, len: 16, name: 4913
04-21 14:19:20.489 318441 318441 [I] watch_file: wd: 1, mask: 0x200(IN_DELETE), cookie: 0, len: 16, name: 4913
04-21 14:19:20.491 318441 318441 [I] watch_file: 
04-21 14:19:20.493 318441 318441 [I] watch_file: read length: 288
04-21 14:19:20.494 318441 318441 [I] watch_file: wd: 1, mask: 0x40(IN_MOVED_FROM), cookie: 0xb70e, len: 16, name: something.txt
04-21 14:19:20.496 318441 318441 [I] watch_file: wd: 1, mask: 0x80(IN_MOVED_TO), cookie: 0xb70e, len: 16, name: something.txt~
04-21 14:19:20.498 318441 318441 [I] watch_file: wd: 1, mask: 0x100(IN_CREATE), cookie: 0, len: 16, name: something.txt
04-21 14:19:20.499 318441 318441 [I] watch_file: wd: 1, mask: 0x20(IN_OPEN), cookie: 0, len: 16, name: something.txt
04-21 14:19:20.501 318441 318441 [I] watch_file: wd: 1, mask: 0x2(IN_MODIFY), cookie: 0, len: 16, name: something.txt
04-21 14:19:20.503 318441 318441 [I] watch_file: wd: 1, mask: 0x4(IN_ATTRIB), cookie: 0, len: 16, name: something.txt
04-21 14:19:20.505 318441 318441 [I] watch_file: wd: 1, mask: 0x8(IN_CLOSE_WRITE), cookie: 0, len: 16, name: something.txt
04-21 14:19:20.506 318441 318441 [I] watch_file: wd: 1, mask: 0x4(IN_ATTRIB), cookie: 0, len: 16, name: something.txt
04-21 14:19:20.508 318441 318441 [I] watch_file: wd: 1, mask: 0x200(IN_DELETE), cookie: 0, len: 16, name: something.txt~
04-21 14:19:20.510 318441 318441 [I] watch_file: 
04-21 14:20:12.939 318441 318441 [I] watch_file: read length: 16
04-21 14:20:12.944 318441 318441 [I] watch_file: 
04-21 14:20:12.945 318441 318441 [I] watch_file: read length: 512
04-21 14:20:12.946 318441 318441 [I] watch_file: wd: 1, mask: 0x40000020(IN_OPEN | IN_ISDIR), cookie: 0, len: 16, name: cmake
04-21 14:20:12.947 318441 318441 [I] watch_file: wd: 1, mask: 0x40000001(IN_ACCESS | IN_ISDIR), cookie: 0, len: 16, name: cmake
04-21 14:20:12.948 318441 318441 [I] watch_file: wd: 1, mask: 0x40000010(IN_CLOSE_NOWRITE | IN_ISDIR), cookie: 0, len: 16, name: cmake
04-21 14:20:12.949 318441 318441 [I] watch_file: wd: 1, mask: 0x40000020(IN_OPEN | IN_ISDIR), cookie: 0, len: 16, name: cmake
04-21 14:20:12.951 318441 318441 [I] watch_file: wd: 1, mask: 0x40000001(IN_ACCESS | IN_ISDIR), cookie: 0, len: 16, name: cmake
04-21 14:20:12.953 318441 318441 [I] watch_file: wd: 1, mask: 0x40000010(IN_CLOSE_NOWRITE | IN_ISDIR), cookie: 0, len: 16, name: cmake
04-21 14:20:12.955 318441 318441 [I] watch_file: wd: 1, mask: 0x40000200(IN_DELETE | IN_ISDIR), cookie: 0, len: 16, name: cmake
04-21 14:20:12.957 318441 318441 [I] watch_file: wd: 1, mask: 0x40000020(IN_OPEN | IN_ISDIR), cookie: 0, len: 16, name: EE
04-21 14:20:12.958 318441 318441 [I] watch_file: wd: 1, mask: 0x40000001(IN_ACCESS | IN_ISDIR), cookie: 0, len: 16, name: EE
04-21 14:20:12.960 318441 318441 [I] watch_file: wd: 1, mask: 0x40000010(IN_CLOSE_NOWRITE | IN_ISDIR), cookie: 0, len: 16, name: EE
04-21 14:20:12.962 318441 318441 [I] watch_file: wd: 1, mask: 0x40000020(IN_OPEN | IN_ISDIR), cookie: 0, len: 16, name: EE
04-21 14:20:12.964 318441 318441 [I] watch_file: wd: 1, mask: 0x40000001(IN_ACCESS | IN_ISDIR), cookie: 0, len: 16, name: EE
04-21 14:20:12.966 318441 318441 [I] watch_file: wd: 1, mask: 0x40000010(IN_CLOSE_NOWRITE | IN_ISDIR), cookie: 0, len: 16, name: EE
04-21 14:20:12.968 318441 318441 [I] watch_file: wd: 1, mask: 0x40000200(IN_DELETE | IN_ISDIR), cookie: 0, len: 16, name: EE
04-21 14:20:12.970 318441 318441 [I] watch_file: wd: 1, mask: 0x200(IN_DELETE), cookie: 0, len: 16, name: something.txt
04-21 14:20:12.971 318441 318441 [I] watch_file: 
04-21 14:21:25.766 318441 318441 [I] watch_file: read length: 48
04-21 14:21:25.771 318441 318441 [I] watch_file: 
04-21 14:21:29.652 318441 318441 [I] watch_file: read length: 48
04-21 14:21:29.657 318441 318441 [I] watch_file: 
04-21 14:21:30.817 318441 318441 [I] watch_file: read length: 48
04-21 14:21:30.821 318441 318441 [I] watch_file: 
04-21 14:21:35.874 318441 318441 [I] watch_file: read length: 48
04-21 14:21:35.876 318441 318441 [I] watch_file: 
04-21 14:21:40.933 318441 318441 [I] watch_file: read length: 48
04-21 14:21:40.937 318441 318441 [I] watch_file: 
04-21 14:21:45.986 318441 318441 [I] watch_file: read length: 48
04-21 14:21:45.991 318441 318441 [I] watch_file: 
04-21 14:21:51.041 318441 318441 [I] watch_file: read length: 48
04-21 14:21:51.046 318441 318441 [I] watch_file: 
04-21 14:21:56.102 318441 318441 [I] watch_file: read length: 48
04-21 14:21:56.103 318441 318441 [I] watch_file: 
04-21 14:22:01.157 318441 318441 [I] watch_file: read length: 48
04-21 14:22:01.161 318441 318441 [I] watch_file: 
04-21 14:22:06.209 318441 318441 [I] watch_file: read length: 48
04-21 14:22:06.213 318441 318441 [I] watch_file: 
04-21 14:22:11.269 318441 318441 [I] watch_file: read length: 48
04-21 14:22:11.274 318441 318441 [I] watch_file: 
04-21 14:22:16.326 318441 318441 [I] watch_file: read length: 48
04-21 14:22:16.331 318441 318441 [I] watch_file: 
04-21 14:22:21.383 318441 318441 [I] watch_file: read length: 48
04-21 14:22:21.387 318441 318441 [I] watch_file: 
04-21 14:22:26.441 318441 318441 [I] watch_file: read length: 48
04-21 14:22:26.443 318441 318441 [I] watch_file: 
04-21 14:22:31.501 318441 318441 [I] watch_file: read length: 48
04-21 14:22:31.502 318441 318441 [I] watch_file: 
04-21 14:22:36.573 318441 318441 [I] watch_file: read length: 48
04-21 14:22:36.577 318441 318441 [I] watch_file: 
04-21 14:22:41.634 318441 318441 [I] watch_file: read length: 48
04-21 14:22:41.639 318441 318441 [I] watch_file: 
04-21 14:22:46.689 318441 318441 [I] watch_file: read length: 48
04-21 14:22:46.694 318441 318441 [I] watch_file: 
04-21 14:22:51.749 318441 318441 [I] watch_file: read length: 48
04-21 14:22:51.753 318441 318441 [I] watch_file: 
04-21 14:22:56.815 318441 318441 [I] watch_file: read length: 48
04-21 14:22:56.819 318441 318441 [I] watch_file: 
04-21 14:23:04.074 318441 318441 [I] watch_file: read length: 48
04-21 14:23:04.078 318441 318441 [I] watch_file: 
04-21 14:23:09.131 318441 318441 [I] watch_file: read length: 48
04-21 14:23:09.135 318441 318441 [I] watch_file: 
04-21 14:23:14.193 318441 318441 [I] watch_file: read length: 48
04-21 14:23:14.198 318441 318441 [I] watch_file: 
04-21 14:23:19.259 318441 318441 [I] watch_file: read length: 48
04-21 14:23:19.263 318441 318441 [I] watch_file: 
04-21 14:23:24.315 318441 318441 [I] watch_file: read length: 48
04-21 14:23:24.319 318441 318441 [I] watch_file: 
04-21 14:23:29.374 318441 318441 [I] watch_file: read length: 48
04-21 14:23:29.378 318441 318441 [I] watch_file: 
04-21 14:23:34.429 318441 318441 [I] watch_file: read length: 48
04-21 14:23:34.434 318441 318441 [I] watch_file: 
04-21 14:23:39.485 318441 318441 [I] watch_file: read length: 48
04-21 14:23:39.486 318441 318441 [I] watch_file: 
04-21 14:23:44.543 318441 318441 [I] watch_file: read length: 48
04-21 14:23:44.548 318441 318441 [I] watch_file: 
04-21 14:23:49.601 318441 318441 [I] watch_file: read length: 48
04-21 14:23:49.605 318441 318441 [I] watch_file: 
04-21 14:23:54.653 318441 318441 [I] watch_file: read length: 48
04-21 14:23:54.657 318441 318441 [I] watch_file: 
04-21 14:23:59.707 318441 318441 [I] watch_file: read length: 48
04-21 14:23:59.712 318441 318441 [I] watch_file: 
04-21 14:24:04.767 318441 318441 [I] watch_file: read length: 48
04-21 14:24:04.771 318441 318441 [I] watch_file: 
04-21 14:24:09.823 318441 318441 [I] watch_file: read length: 48
04-21 14:24:09.828 318441 318441 [I] watch_file: 
04-21 14:24:14.879 318441 318441 [I] watch_file: read length: 48
04-21 14:24:14.884 318441 318441 [I] watch_file: 
04-21 14:24:19.945 318441 318441 [I] watch_file: read length: 48
04-21 14:24:19.947 318441 318441 [I] watch_file: 
04-21 14:24:24.997 318441 318441 [I] watch_file: read length: 48
04-21 14:24:25.001 318441 318441 [I] watch_file: 
04-21 14:24:33.685 318441 318441 [I] watch_file: read length: 48
04-21 14:24:33.689 318441 318441 [I] watch_file: 
04-21 14:24:33.915 318441 318441 [I] watch_file: read length: 48
04-21 14:24:33.920 318441 318441 [I] watch_file: 
04-21 14:24:39.001 318441 318441 [I] watch_file: read length: 48
04-21 14:24:39.006 318441 318441 [I] watch_file: 
04-21 14:24:44.073 318441 318441 [I] watch_file: read length: 48
04-21 14:24:44.078 318441 318441 [I] watch_file: 
04-21 14:24:49.133 318441 318441 [I] watch_file: read length: 48
04-21 14:24:49.138 318441 318441 [I] watch_file: 
04-21 14:24:54.187 318441 318441 [I] watch_file: read length: 48
04-21 14:24:54.192 318441 318441 [I] watch_file: 
04-21 14:24:59.249 318441 318441 [I] watch_file: read length: 48
04-21 14:24:59.253 318441 318441 [I] watch_file: 
04-21 14:25:04.305 318441 318441 [I] watch_file: read length: 48
04-21 14:25:04.309 318441 318441 [I] watch_file: 
04-21 14:25:09.369 318441 318441 [I] watch_file: read length: 48
04-21 14:25:09.370 318441 318441 [I] watch_file: 
04-21 14:25:14.429 318441 318441 [I] watch_file: read length: 48
04-21 14:25:14.434 318441 318441 [I] watch_file: 
04-21 14:25:19.493 318441 318441 [I] watch_file: read length: 48
04-21 14:25:19.494 318441 318441 [I] watch_file: 
04-21 14:25:24.555 318441 318441 [I] watch_file: read length: 48
04-21 14:25:24.557 318441 318441 [I] watch_file: 
04-21 14:25:29.618 318441 318441 [I] watch_file: read length: 48
04-21 14:25:29.622 318441 318441 [I] watch_file: 
04-21 14:25:34.667 318441 318441 [I] watch_file: read length: 48
04-21 14:25:34.672 318441 318441 [I] watch_file: 
04-21 14:25:39.725 318441 318441 [I] watch_file: read length: 48
04-21 14:25:39.729 318441 318441 [I] watch_file: 
04-21 14:25:44.781 318441 318441 [I] watch_file: read length: 48
04-21 14:25:44.782 318441 318441 [I] watch_file: 
04-21 14:25:49.841 318441 318441 [I] watch_file: read length: 48
04-21 14:25:49.845 318441 318441 [I] watch_file: 
04-21 14:25:54.902 318441 318441 [I] watch_file: read length: 48
04-21 14:25:54.906 318441 318441 [I] watch_file: 
04-21 14:25:59.957 318441 318441 [I] watch_file: read length: 48
04-21 14:25:59.961 318441 318441 [I] watch_file: 
04-21 14:26:05.008 318441 318441 [I] watch_file: read length: 48
04-21 14:26:05.013 318441 318441 [I] watch_file: 
04-21 14:26:10.070 318441 318441 [I] watch_file: read length: 48
04-21 14:26:10.074 318441 318441 [I] watch_file: 
04-21 14:26:15.133 318441 318441 [I] watch_file: read length: 48
04-21 14:26:15.138 318441 318441 [I] watch_file: 
04-21 14:26:20.197 318441 318441 [I] watch_file: read length: 48
04-21 14:26:20.201 318441 318441 [I] watch_file: 
04-21 14:26:25.256 318441 318441 [I] watch_file: read length: 48
04-21 14:26:25.257 318441 318441 [I] watch_file: 
04-21 14:26:30.317 318441 318441 [I] watch_file: read length: 48
04-21 14:26:30.319 318441 318441 [I] watch_file: 
04-21 14:26:35.378 318441 318441 [I] watch_file: read length: 48
04-21 14:26:35.383 318441 318441 [I] watch_file: 
04-21 14:26:40.442 318441 318441 [I] watch_file: read length: 48
04-21 14:26:40.446 318441 318441 [I] watch_file: 
04-21 14:26:45.505 318441 318441 [I] watch_file: read length: 48
04-21 14:26:45.506 318441 318441 [I] watch_file: 
04-21 14:26:50.564 318441 318441 [I] watch_file: read length: 48
04-21 14:26:50.568 318441 318441 [I] watch_file: 
04-21 14:26:55.627 318441 318441 [I] watch_file: read length: 48
04-21 14:26:55.631 318441 318441 [I] watch_file: 
04-21 14:27:00.690 318441 318441 [I] watch_file: read length: 48
04-21 14:27:00.691 318441 318441 [I] watch_file: 
04-21 14:27:05.752 318441 318441 [I] watch_file: read length: 48
04-21 14:27:05.757 318441 318441 [I] watch_file: 
04-21 14:27:10.811 318441 318441 [I] watch_file: read length: 48
04-21 14:27:10.816 318441 318441 [I] watch_file: 
04-21 14:28:06.469 318441 318441 [I] watch_file: read length: 48
04-21 14:28:06.474 318441 318441 [I] watch_file: 
04-21 14:28:10.174 318441 318441 [I] watch_file: read length: 48
04-21 14:28:10.179 318441 318441 [I] watch_file: 
04-21 14:28:11.528 318441 318441 [I] watch_file: read length: 48
04-21 14:28:11.532 318441 318441 [I] watch_file: 
04-21 14:28:16.585 318441 318441 [I] watch_file: read length: 48
04-21 14:28:16.589 318441 318441 [I] watch_file: 
04-21 14:28:21.645 318441 318441 [I] watch_file: read length: 48
04-21 14:28:21.649 318441 318441 [I] watch_file: 
04-21 14:28:26.717 318441 318441 [I] watch_file: read length: 48
04-21 14:28:26.718 318441 318441 [I] watch_file: 
04-21 14:28:31.774 318441 318441 [I] watch_file: read length: 48
04-21 14:28:31.778 318441 318441 [I] watch_file: 
04-21 14:28:36.832 318441 318441 [I] watch_file: read length: 48
04-21 14:28:36.837 318441 318441 [I] watch_file: 
04-21 14:28:41.889 318441 318441 [I] watch_file: read length: 48
04-21 14:28:41.893 318441 318441 [I] watch_file: 
04-21 14:28:46.945 318441 318441 [I] watch_file: read length: 48
04-21 14:28:46.949 318441 318441 [I] watch_file: 
04-21 14:28:52.001 318441 318441 [I] watch_file: read length: 48
04-21 14:28:52.006 318441 318441 [I] watch_file: 
04-21 14:28:57.061 318441 318441 [I] watch_file: read length: 48
04-21 14:28:57.062 318441 318441 [I] watch_file: 
04-21 14:29:02.121 318441 318441 [I] watch_file: read length: 48
04-21 14:29:02.126 318441 318441 [I] watch_file: 
04-21 14:29:07.180 318441 318441 [I] watch_file: read length: 48
04-21 14:29:07.185 318441 318441 [I] watch_file: 
04-21 14:29:12.238 318441 318441 [I] watch_file: read length: 48
04-21 14:29:12.242 318441 318441 [I] watch_file: 
04-21 14:29:17.301 318441 318441 [I] watch_file: read length: 48
04-21 14:29:17.306 318441 318441 [I] watch_file: 
04-21 14:29:22.364 318441 318441 [I] watch_file: read length: 48
04-21 14:29:22.369 318441 318441 [I] watch_file: 
04-21 14:29:27.440 318441 318441 [I] watch_file: read length: 48
04-21 14:29:27.441 318441 318441 [I] watch_file: 
04-21 14:29:32.506 318441 318441 [I] watch_file: read length: 48
04-21 14:29:32.507 318441 318441 [I] watch_file: 
04-21 14:29:37.570 318441 318441 [I] watch_file: read length: 48
04-21 14:29:37.574 318441 318441 [I] watch_file: 
04-21 14:29:42.631 318441 318441 [I] watch_file: read length: 48
04-21 14:29:42.635 318441 318441 [I] watch_file: 
04-21 14:29:47.696 318441 318441 [I] watch_file: read length: 48
04-21 14:29:47.700 318441 318441 [I] watch_file: 
04-21 14:29:52.759 318441 318441 [I] watch_file: read length: 48
04-21 14:29:52.763 318441 318441 [I] watch_file: 
04-21 14:29:57.826 318441 318441 [I] watch_file: read length: 48
04-21 14:29:57.830 318441 318441 [I] watch_file: 
04-21 14:30:02.887 318441 318441 [I] watch_file: read length: 48
04-21 14:30:02.892 318441 318441 [I] watch_file: 
04-21 14:30:07.953 318441 318441 [I] watch_file: read length: 48
04-21 14:30:07.958 318441 318441 [I] watch_file: 
04-21 14:30:13.018 318441 318441 [I] watch_file: read length: 48
04-21 14:30:13.022 318441 318441 [I] watch_file: 
04-21 14:30:18.082 318441 318441 [I] watch_file: read length: 48
04-21 14:30:18.086 318441 318441 [I] watch_file: 
04-21 14:30:23.147 318441 318441 [I] watch_file: read length: 48
04-21 14:30:23.151 318441 318441 [I] watch_file: 
04-21 14:30:28.208 318441 318441 [I] watch_file: read length: 48
04-21 14:30:28.213 318441 318441 [I] watch_file: 
04-21 14:30:33.265 318441 318441 [I] watch_file: read length: 48
04-21 14:30:33.270 318441 318441 [I] watch_file: 
04-21 14:30:38.324 318441 318441 [I] watch_file: read length: 48
04-21 14:30:38.329 318441 318441 [I] watch_file: 
04-21 14:30:43.389 318441 318441 [I] watch_file: read length: 48
04-21 14:30:43.393 318441 318441 [I] watch_file: 
04-21 14:30:48.476 318441 318441 [I] watch_file: read length: 48
04-21 14:30:48.480 318441 318441 [I] watch_file: 
04-21 14:30:53.533 318441 318441 [I] watch_file: read length: 48
04-21 14:30:53.538 318441 318441 [I] watch_file: 
04-21 14:30:58.597 318441 318441 [I] watch_file: read length: 48
04-21 14:30:58.602 318441 318441 [I] watch_file: 
04-21 14:31:03.656 318441 318441 [I] watch_file: read length: 48
04-21 14:31:03.661 318441 318441 [I] watch_file: 
04-21 14:31:08.714 318441 318441 [I] watch_file: read length: 48
04-21 14:31:08.719 318441 318441 [I] watch_file: 
04-21 14:31:14.246 318441 318441 [I] watch_file: read length: 48
04-21 14:31:14.251 318441 318441 [I] watch_file: 
04-21 14:31:14.309 318441 318441 [I] watch_file: read length: 48
04-21 14:31:14.310 318441 318441 [I] watch_file: 
